<?xml version="1.0" encoding="UTF-8"?>
<!-- Generated by org.testng.reporters.JUnitXMLReporter -->
<testsuite hostname="gongbei" ignored="0" name="Default test" tests="3" failures="0" timestamp="2022-10-27T11:15:05 CST" time="2.075" errors="0">
  <testcase name="loginFail" time="0.778" classname="com.boray.cases.LoginTest"/>
  <testcase name="loginSuccess" time="0.352" classname="com.boray.cases.LoginTest"/>
  <testcase name="loginSuccess" time="0.362" classname="com.boray.cases.LoginTest"/>
</testsuite> <!-- Default test -->
