<?xml version="1.0" encoding="UTF-8"?>
<!-- Generated by org.testng.reporters.JUnitXMLReporter -->
<testsuite hostname="gongbei" ignored="0" name="test1" tests="4" failures="1" timestamp="2022-10-27T14:03:30 CST" time="3.581" errors="0">
  <testcase name="loginSuccess" time="1.392" classname="com.boray.cases.LoginTest"/>
  <testcase name="loginSuccess" time="0.386" classname="com.boray.cases.LoginTest">
    <failure type="java.lang.AssertionError" message="expected [300] but found [200]">
      <![CDATA[java.lang.AssertionError: expected [300] but found [200]
at com.boray.cases.LoginTest.loginSuccess(LoginTest.java:78)
at java.util.ArrayList.forEach(ArrayList.java:1257)
... Removed 33 stack frames]]>
    </failure>
  </testcase> <!-- loginSuccess -->
  <testcase name="loginFail" time="0.407" classname="com.boray.cases.LoginTest"/>
  <testcase name="getUserListInfo" time="0.0" classname="com.boray.cases.GetUserInfoListTest">
    <skipped/>
  </testcase> <!-- getUserListInfo -->
</testsuite> <!-- test1 -->
